<testsuites id="" name="" tests="1" failures="0" skipped="0" errors="0" time="3.113539999999106">
<testsuite name="test_swagLabsModule1\AddToCart.spec.ts" timestamp="2025-02-23T07:52:29.904Z" hostname="edge" tests="1" failures="0" skipped="0" time="2.251" errors="0">
<testcase name="Playwright 101: Beginner&apos;s Guide › Add to Cart" classname="test_swagLabsModule1\AddToCart.spec.ts" time="2.251">
<system-out>
<![CDATA[Total: [33m103.65[39m
Expected Total: [33m103.65[39m

[[ATTACHMENT|..\test-results\test_swagLabsModule1-AddToCart-Playwright-101-Beginner-s-Guide-Add-to-Cart-edge\video.webm]]

[[ATTACHMENT|..\test-results\test_swagLabsModule1-AddToCart-Playwright-101-Beginner-s-Guide-Add-to-Cart-edge\trace.zip]]
]]>
</system-out>
</testcase>
</testsuite>
</testsuites>